Building DAG of jobs...
Using shell: /usr/bin/bash
Provided cores: 1 (use --cores to define parallelism)
Rules claiming more threads will be scaled down.
Job stats:
job        count
-------  -------
preprep        1
total          1

Select jobs to execute...

[Sat Apr 18 00:27:59 2026]
rule preprep:
    output: .tmp/setup_complete.txt
    jobid: 0
    reason: Missing output files: .tmp/setup_complete.txt
    resources: tmpdir=/tmp

[Sat Apr 18 00:27:59 2026]
Finished job 0.
1 of 1 steps (100%) done
Complete log: .snakemake/log/2026-04-18T002759.052634.snakemake.log
